<?xml version="1.0" encoding="UTF-8"?>
<testsuite xmlns:xsi="http://www.w3.org/2001/XMLSchema-instance" xsi:noNamespaceSchemaLocation="https://maven.apache.org/surefire/maven-surefire-plugin/xsd/surefire-test-report.xsd" name="BaseEngineerTest" time="0.028" tests="6" errors="0" skipped="0" failures="0">
  <properties>
    <property name="java.specification.version" value="19"/>
    <property name="sun.jnu.encoding" value="UTF-8"/>
    <property name="java.class.path" value="/Users/nastassyarazhdzestvenskaya/Documents/java_at2022/Automation_Demo/target/test-classes:/Users/nastassyarazhdzestvenskaya/Documents/java_at2022/Automation_Demo/target/classes:/Users/nastassyarazhdzestvenskaya/.m2/repository/junit/junit/4.13.2/junit-4.13.2.jar:/Users/nastassyarazhdzestvenskaya/.m2/repository/org/hamcrest/hamcrest-core/1.3/hamcrest-core-1.3.jar:"/>
    <property name="java.vm.vendor" value="Homebrew"/>
    <property name="sun.arch.data.model" value="64"/>
    <property name="java.vendor.url" value="https://github.com/Homebrew/homebrew-core/issues"/>
    <property name="os.name" value="Mac OS X"/>
    <property name="java.vm.specification.version" value="19"/>
    <property name="sun.java.launcher" value="SUN_STANDARD"/>
    <property name="user.country" value="GB"/>
    <property name="sun.boot.library.path" value="/opt/homebrew/Cellar/openjdk/19.0.1/libexec/openjdk.jdk/Contents/Home/lib"/>
    <property name="sun.java.command" value="/Users/nastassyarazhdzestvenskaya/Documents/java_at2022/Automation_Demo/target/surefire/surefirebooter9716977270095581871.jar /Users/nastassyarazhdzestvenskaya/Documents/java_at2022/Automation_Demo/target/surefire 2022-11-27T14-24-15_996-jvmRun1 surefire8638872952365343377tmp surefire_01218887163889570415tmp"/>
    <property name="http.nonProxyHosts" value="local|*.local|169.254/16|*.169.254/16"/>
    <property name="jdk.debug" value="release"/>
    <property name="surefire.test.class.path" value="/Users/nastassyarazhdzestvenskaya/Documents/java_at2022/Automation_Demo/target/test-classes:/Users/nastassyarazhdzestvenskaya/Documents/java_at2022/Automation_Demo/target/classes:/Users/nastassyarazhdzestvenskaya/.m2/repository/junit/junit/4.13.2/junit-4.13.2.jar:/Users/nastassyarazhdzestvenskaya/.m2/repository/org/hamcrest/hamcrest-core/1.3/hamcrest-core-1.3.jar:"/>
    <property name="sun.cpu.endian" value="little"/>
    <property name="user.home" value="/Users/nastassyarazhdzestvenskaya"/>
    <property name="user.language" value="en"/>
    <property name="java.specification.vendor" value="Oracle Corporation"/>
    <property name="java.version.date" value="2022-10-18"/>
    <property name="java.home" value="/opt/homebrew/Cellar/openjdk/19.0.1/libexec/openjdk.jdk/Contents/Home"/>
    <property name="file.separator" value="/"/>
    <property name="basedir" value="/Users/nastassyarazhdzestvenskaya/Documents/java_at2022/Automation_Demo"/>
    <property name="java.vm.compressedOopsMode" value="Zero based"/>
    <property name="line.separator" value="&#10;"/>
    <property name="java.vm.specification.vendor" value="Oracle Corporation"/>
    <property name="java.specification.name" value="Java Platform API Specification"/>
    <property name="apple.awt.application.name" value="ForkedBooter"/>
    <property name="surefire.real.class.path" value="/Users/nastassyarazhdzestvenskaya/Documents/java_at2022/Automation_Demo/target/surefire/surefirebooter9716977270095581871.jar"/>
    <property name="sun.management.compiler" value="HotSpot 64-Bit Tiered Compilers"/>
    <property name="ftp.nonProxyHosts" value="local|*.local|169.254/16|*.169.254/16"/>
    <property name="java.runtime.version" value="19.0.1"/>
    <property name="user.name" value="nastassyarazhdzestvenskaya"/>
    <property name="stdout.encoding" value="UTF-8"/>
    <property name="path.separator" value=":"/>
    <property name="os.version" value="12.2"/>
    <property name="java.runtime.name" value="OpenJDK Runtime Environment"/>
    <property name="file.encoding" value="UTF-8"/>
    <property name="java.vm.name" value="OpenJDK 64-Bit Server VM"/>
    <property name="java.vendor.version" value="Homebrew"/>
    <property name="localRepository" value="/Users/nastassyarazhdzestvenskaya/.m2/repository"/>
    <property name="java.vendor.url.bug" value="https://github.com/Homebrew/homebrew-core/issues"/>
    <property name="java.io.tmpdir" value="/var/folders/jh/6w7jdf5n1t7cmzsx1_49q0sr0000gn/T/"/>
    <property name="java.version" value="19.0.1"/>
    <property name="user.dir" value="/Users/nastassyarazhdzestvenskaya/Documents/java_at2022/Automation_Demo"/>
    <property name="os.arch" value="aarch64"/>
    <property name="java.vm.specification.name" value="Java Virtual Machine Specification"/>
    <property name="native.encoding" value="UTF-8"/>
    <property name="java.library.path" value="/Users/nastassyarazhdzestvenskaya/Library/Java/Extensions:/Library/Java/Extensions:/Network/Library/Java/Extensions:/System/Library/Java/Extensions:/usr/lib/java:."/>
    <property name="java.vm.info" value="mixed mode, sharing"/>
    <property name="stderr.encoding" value="UTF-8"/>
    <property name="java.vendor" value="Homebrew"/>
    <property name="java.vm.version" value="19.0.1"/>
    <property name="sun.io.unicode.encoding" value="UnicodeBig"/>
    <property name="socksNonProxyHosts" value="local|*.local|169.254/16|*.169.254/16"/>
    <property name="java.class.version" value="63.0"/>
  </properties>
  <testcase name="testAge[0]" classname="BaseEngineerTest" time="0.006"/>
  <testcase name="testSkill[0]" classname="BaseEngineerTest" time="0"/>
  <testcase name="testExperience[0]" classname="BaseEngineerTest" time="0"/>
  <testcase name="testAge[1]" classname="BaseEngineerTest" time="0"/>
  <testcase name="testSkill[1]" classname="BaseEngineerTest" time="0"/>
  <testcase name="testExperience[1]" classname="BaseEngineerTest" time="0"/>
</testsuite>